<?xml version="1.0" encoding="UTF-8"?>
<testsuite name="extraction.SelectionTest" tests="1" skipped="0" failures="0" errors="0" timestamp="2018-03-19T08:12:50" hostname="Larisas-MacBook-Air.local" time="0.082">
  <properties/>
  <testcase name="test" classname="extraction.SelectionTest" time="0.082"/>
  <system-out><![CDATA[
Test Network: p { main {q+R; q!<e>; q?; stop}} | q { main {p&{R: p?; p!<u1>; stop, L: p?; p!<u2>; stop}}} | r { main {stop}}
Choreography: main { p->q[R]; p.e->q; q.u1->p; 0 }

Test Network: p { main {q+L; q!<e>; q?; stop}} | q { main {p&{R: p?; p!<u1>; stop, L: p?; p!<u2>; stop}}} | r { main {stop}}
Choreography: main { p->q[L]; p.e->q; q.u2->p; 0 }

Test Network: p { def X {q+R; q!<e>; X} main{X}} | q { def Y {p&{R: p?; Y, L: p?; Y}} main{Y}}
Choreography: def X1 { p->q[R]; p.e->q; X1 } main { X1 }
]]></system-out>
  <system-err><![CDATA[]]></system-err>
</testsuite>
