<?xml version="1.0" encoding="UTF-8"?>
<testsuite name="epp.NetworkProjectionTest" tests="1" skipped="0" failures="0" errors="0" timestamp="2018-03-19T08:12:49" hostname="Larisas-MacBook-Air.local" time="0.316">
  <properties/>
  <testcase name="test" classname="epp.NetworkProjectionTest" time="0.316"/>
  <system-out><![CDATA[
Choreography: def X {Y} def Y { p.e->q; stop } main {q.e->p;X}
Network: p{X{Y} Y{q!<e>; stop} main {q?; X}} | q{X{Y} Y{p?; stop} main {p!<e>; X}}
]]></system-out>
  <system-err><![CDATA[]]></system-err>
</testsuite>
